unityLibrary/build/intermediates/manifest_merge_blame_file/release/manifest-merger-blame-release-report.txt
1<?xml version="1.0" encoding="utf-8"?>
2<manifest xmlns:android="http://schemas.android.com/apk/res/android"
3    xmlns:tools="http://schemas.android.com/tools"
4    package="com.unity3d.player" >
5
6    <uses-sdk
7        android:minSdkVersion="24"
7-->src\main\AndroidManifest.xml
8        android:targetSdkVersion="30" />
8-->src\main\AndroidManifest.xml
9
10    <uses-feature android:glEsVersion="0x00020000" />
10-->src\main\AndroidManifest.xml:17:3-52
10-->src\main\AndroidManifest.xml:17:17-49
11
12    <uses-permission android:name="android.permission.INTERNET" />
12-->src\main\AndroidManifest.xml:18:3-65
12-->src\main\AndroidManifest.xml:18:20-62
13    <uses-permission android:name="android.permission.ACCESS_FINE_LOCATION" />
13-->src\main\AndroidManifest.xml:19:3-77
13-->src\main\AndroidManifest.xml:19:20-74
14
15    <uses-feature
15-->src\main\AndroidManifest.xml:20:3-89
16        android:name="android.hardware.location.gps"
16-->src\main\AndroidManifest.xml:20:17-61
17        android:required="false" />
17-->src\main\AndroidManifest.xml:20:62-86
18    <uses-feature
18-->src\main\AndroidManifest.xml:21:3-85
19        android:name="android.hardware.location"
19-->src\main\AndroidManifest.xml:21:17-57
20        android:required="false" />
20-->src\main\AndroidManifest.xml:21:58-82
21    <uses-feature
21-->src\main\AndroidManifest.xml:22:3-88
22        android:name="android.hardware.touchscreen"
22-->src\main\AndroidManifest.xml:22:17-60
23        android:required="false" />
23-->src\main\AndroidManifest.xml:22:61-85
24    <uses-feature
24-->src\main\AndroidManifest.xml:23:3-99
25        android:name="android.hardware.touchscreen.multitouch"
25-->src\main\AndroidManifest.xml:23:17-71
26        android:required="false" />
26-->src\main\AndroidManifest.xml:23:72-96
27    <uses-feature
27-->src\main\AndroidManifest.xml:24:3-108
28        android:name="android.hardware.touchscreen.multitouch.distinct"
28-->src\main\AndroidManifest.xml:24:17-80
29        android:required="false" />
29-->src\main\AndroidManifest.xml:24:81-105
30
31    <uses-permission android:name="android.permission.CAMERA" />
31-->src\main\AndroidManifest.xml:25:3-63
31-->src\main\AndroidManifest.xml:25:20-60
32
33    <uses-feature
33-->src\main\AndroidManifest.xml:26:3-85
34        android:name="android.hardware.camera.ar"
34-->src\main\AndroidManifest.xml:26:17-58
35        android:required="true" />
35-->src\main\AndroidManifest.xml:26:59-82
36    <uses-feature
36-->src\main\AndroidManifest.xml:27:3-83
37        android:name="com.google.ar.core.depth"
37-->src\main\AndroidManifest.xml:27:17-56
38        android:required="true" />
38-->src\main\AndroidManifest.xml:27:57-80
39
40    <application android:extractNativeLibs="true" >
40-->src\main\AndroidManifest.xml:3:3-16:17
40-->src\main\AndroidManifest.xml:3:16-48
41        <activity
41-->src\main\AndroidManifest.xml:4:5-8:16
42            android:name="com.unity3d.player.UnityPlayerActivity"
42-->src\main\AndroidManifest.xml:4:15-68
43            android:configChanges="mcc|mnc|locale|touchscreen|keyboard|keyboardHidden|navigation|orientation|screenLayout|uiMode|screenSize|smallestScreenSize|fontScale|layoutDirection|density"
43-->src\main\AndroidManifest.xml:4:204-385
44            android:exported="true"
44-->src\main\AndroidManifest.xml:4:69-92
45            android:hardwareAccelerated="false"
45-->src\main\AndroidManifest.xml:4:421-456
46            android:launchMode="singleTask"
46-->src\main\AndroidManifest.xml:4:172-203
47            android:resizeableActivity="false"
47-->src\main\AndroidManifest.xml:4:386-420
48            android:screenOrientation="portrait"
48-->src\main\AndroidManifest.xml:4:135-171
49            android:theme="@style/UnityThemeSelector" >
49-->src\main\AndroidManifest.xml:4:93-134
50            <meta-data
50-->src\main\AndroidManifest.xml:6:7-82
51                android:name="unityplayer.UnityActivity"
51-->src\main\AndroidManifest.xml:6:18-58
52                android:value="true" />
52-->src\main\AndroidManifest.xml:6:59-79
53            <meta-data
53-->src\main\AndroidManifest.xml:7:7-78
54                android:name="android.notch_support"
54-->src\main\AndroidManifest.xml:7:18-54
55                android:value="true" />
55-->src\main\AndroidManifest.xml:7:55-75
56        </activity>
57
58        <meta-data
58-->src\main\AndroidManifest.xml:9:5-69
59            android:name="unity.splash-mode"
59-->src\main\AndroidManifest.xml:9:16-48
60            android:value="0" />
60-->src\main\AndroidManifest.xml:9:49-66
61        <meta-data
61-->src\main\AndroidManifest.xml:10:5-74
62            android:name="unity.splash-enable"
62-->src\main\AndroidManifest.xml:10:16-50
63            android:value="True" />
63-->src\main\AndroidManifest.xml:10:51-71
64        <meta-data
64-->src\main\AndroidManifest.xml:11:5-78
65            android:name="unity.launch-fullscreen"
65-->src\main\AndroidManifest.xml:11:16-54
66            android:value="True" />
66-->src\main\AndroidManifest.xml:11:55-75
67        <meta-data
67-->src\main\AndroidManifest.xml:12:5-84
68            android:name="unity.allow-resizable-window"
68-->src\main\AndroidManifest.xml:12:16-59
69            android:value="False" />
69-->src\main\AndroidManifest.xml:12:60-81
70        <meta-data
70-->src\main\AndroidManifest.xml:13:5-81
71            android:name="notch.config"
71-->src\main\AndroidManifest.xml:13:16-43
72            android:value="portrait|landscape" />
72-->src\main\AndroidManifest.xml:13:44-78
73        <meta-data
73-->src\main\AndroidManifest.xml:14:5-88
74            android:name="unityplayer.SkipPermissionsDialog"
74-->src\main\AndroidManifest.xml:14:16-64
75            android:value="true" />
75-->src\main\AndroidManifest.xml:14:65-85
76        <meta-data
76-->src\main\AndroidManifest.xml:15:5-77
77            android:name="com.google.ar.core"
77-->src\main\AndroidManifest.xml:15:16-49
78            android:value="required" />
78-->src\main\AndroidManifest.xml:15:50-74
79    </application>
80
81</manifest>